2019-01-10 19:09:21,084 [INFO] [restartedMain] com.zwk.weibo.ApiApplication [StartupInfoLogger.java : 50] Starting ApiApplication on SC-201811052344 with PID 11012 (C:\Users\Administrator\Downloads\Weibo\target\classes started by Administrator in C:\Users\Administrator\Downloads\Weibo)
2019-01-10 19:09:21,102 [DEBUG] [restartedMain] com.zwk.weibo.ApiApplication [StartupInfoLogger.java : 53] Running with Spring Boot v2.1.1.RELEASE, Spring v5.1.3.RELEASE
2019-01-10 19:09:21,104 [INFO] [restartedMain] com.zwk.weibo.ApiApplication [SpringApplication.java : 679] The following profiles are active: dev
2019-01-10 19:09:21,337 [INFO] [restartedMain] o.s.boot.devtools.env.DevToolsPropertyDefaultsPostProcessor [DeferredLog.java : 227] Devtools property defaults active! Set 'spring.devtools.add-properties' to 'false' to disable
2019-01-10 19:09:21,338 [INFO] [restartedMain] o.s.boot.devtools.env.DevToolsPropertyDefaultsPostProcessor [DeferredLog.java : 227] For additional web related logging consider setting the 'logging.level.web' property to 'DEBUG'
2019-01-10 19:09:24,462 [INFO] [restartedMain] o.s.c.s.PostProcessorRegistrationDelegate$BeanPostProcessorChecker [PostProcessorRegistrationDelegate.java : 330] Bean 'org.springframework.transaction.annotation.ProxyTransactionManagementConfiguration' of type [org.springframework.transaction.annotation.ProxyTransactionManagementConfiguration$$EnhancerBySpringCGLIB$$2b77358d] is not eligible for getting processed by all BeanPostProcessors (for example: not eligible for auto-proxying)
2019-01-10 19:09:25,854 [INFO] [restartedMain] org.springframework.boot.web.embedded.tomcat.TomcatWebServer [TomcatWebServer.java : 90] Tomcat initialized with port(s): 8080 (http)
2019-01-10 19:09:25,914 [INFO] [restartedMain] org.apache.catalina.core.StandardService [DirectJDKLog.java : 173] Starting service [Tomcat]
2019-01-10 19:09:25,914 [INFO] [restartedMain] org.apache.catalina.core.StandardEngine [DirectJDKLog.java : 173] Starting Servlet Engine: Apache Tomcat/9.0.13
2019-01-10 19:09:25,928 [INFO] [restartedMain] org.apache.catalina.core.AprLifecycleListener [DirectJDKLog.java : 173] The APR based Apache Tomcat Native library which allows optimal performance in production environments was not found on the java.library.path: [A:\java\jdk8\bin;C:\Windows\Sun\Java\bin;C:\Windows\system32;C:\Windows;C:\ProgramData\Oracle\Java\javapath;C:\Windows\system32;C:\Windows;C:\Windows\System32\Wbem;C:\Windows\System32\WindowsPowerShell\v1.0\;C:\Windows\System32\OpenSSH\;A:\java\maven\bin;A:\java\jdk7\bin;A:\svn\bin;C:\Program Files\MySQL\MySQL Utilities 1.6\;C:\Program Files (x86)\NVIDIA Corporation\PhysX\Common;C:\Users\Administrator\AppData\Local\Microsoft\WindowsApps;A:\Bandizip\;.]
2019-01-10 19:09:26,860 [INFO] [restartedMain] org.apache.jasper.servlet.TldScanner [DirectJDKLog.java : 173] At least one JAR was scanned for TLDs yet contained no TLDs. Enable debug logging for this logger for a complete list of JARs that were scanned but no TLDs were found in them. Skipping unneeded JARs during scanning can improve startup time and JSP compilation time.
2019-01-10 19:09:26,871 [INFO] [restartedMain] o.a.c.core.ContainerBase.[Tomcat].[localhost].[/Weibo] [DirectJDKLog.java : 173] Initializing Spring embedded WebApplicationContext
2019-01-10 19:09:26,873 [INFO] [restartedMain] org.springframework.web.context.ContextLoader [ServletWebServerApplicationContext.java : 296] Root WebApplicationContext: initialization completed in 5534 ms
2019-01-10 19:09:27,339 [INFO] [restartedMain] c.a.d.spring.boot.autoconfigure.DruidDataSourceAutoConfigure [DruidDataSourceAutoConfigure.java : 56] Init DruidDataSource
2019-01-10 19:09:31,503 [INFO] [restartedMain] com.alibaba.druid.pool.DruidDataSource [DruidDataSource.java : 930] {dataSource-1} inited
2019-01-10 19:09:32,605 [INFO] [restartedMain] o.s.scheduling.concurrent.ThreadPoolTaskExecutor [ExecutorConfigurationSupport.java : 171] Initializing ExecutorService 'applicationTaskExecutor'
2019-01-10 19:09:32,668 [INFO] [restartedMain] o.s.boot.devtools.autoconfigure.OptionalLiveReloadServer [OptionalLiveReloadServer.java : 57] LiveReload server is running on port 35729
2019-01-10 19:09:32,774 [INFO] [restartedMain] o.s.boot.autoconfigure.web.servlet.WelcomePageHandlerMapping [WelcomePageHandlerMapping.java : 61] Adding welcome page template: index
2019-01-10 19:09:33,126 [INFO] [restartedMain] s.d.spring.web.plugins.DocumentationPluginsBootstrapper [DocumentationPluginsBootstrapper.java : 84] Context refreshed
2019-01-10 19:09:33,151 [INFO] [restartedMain] s.d.spring.web.plugins.DocumentationPluginsBootstrapper [DocumentationPluginsBootstrapper.java : 87] Found 1 custom documentation plugin(s)
2019-01-10 19:09:33,174 [INFO] [restartedMain] s.d.spring.web.scanners.ApiListingReferenceScanner [ApiListingReferenceScanner.java : 44] Scanning for api listing references
2019-01-10 19:09:33,396 [INFO] [restartedMain] org.springframework.boot.web.embedded.tomcat.TomcatWebServer [TomcatWebServer.java : 204] Tomcat started on port(s): 8080 (http) with context path '/Weibo'
2019-01-10 19:09:33,400 [INFO] [restartedMain] com.zwk.weibo.ApiApplication [StartupInfoLogger.java : 59] Started ApiApplication in 13.14 seconds (JVM running for 18.162)
2019-01-10 19:09:33,426 [DEBUG] [restartedMain] com.zwk.weibo.dao.UserDao.selectAllUser [BaseJdbcLogger.java : 159] ==>  Preparing: SELECT * FROM USER WHERE 1=1 
2019-01-10 19:09:33,446 [DEBUG] [restartedMain] com.zwk.weibo.dao.UserDao.selectAllUser [BaseJdbcLogger.java : 159] ==> Parameters: 
2019-01-10 19:09:33,479 [DEBUG] [restartedMain] com.zwk.weibo.dao.UserDao.selectAllUser [BaseJdbcLogger.java : 159] <==      Total: 5
2019-01-10 19:09:33,488 [DEBUG] [restartedMain] com.zwk.weibo.dao.FoodDao.getFoodList [BaseJdbcLogger.java : 159] ==>  Preparing: SELECT * FROM FOOD F LEFT JOIN STORE S ON F.STORE_ID=S.STORE_ID WHERE 1=1 
2019-01-10 19:09:33,488 [DEBUG] [restartedMain] com.zwk.weibo.dao.FoodDao.getFoodList [BaseJdbcLogger.java : 159] ==> Parameters: 
2019-01-10 19:09:33,513 [DEBUG] [restartedMain] com.zwk.weibo.dao.FoodDao.getFoodList [BaseJdbcLogger.java : 159] <==      Total: 7
2019-01-10 19:10:48,950 [INFO] [http-nio-8080-exec-2] o.a.c.core.ContainerBase.[Tomcat].[localhost].[/Weibo] [DirectJDKLog.java : 173] Initializing Spring DispatcherServlet 'dispatcherServlet'
2019-01-10 19:10:48,950 [INFO] [http-nio-8080-exec-2] org.springframework.web.servlet.DispatcherServlet [FrameworkServlet.java : 524] Initializing Servlet 'dispatcherServlet'
2019-01-10 19:10:48,960 [INFO] [http-nio-8080-exec-2] org.springframework.web.servlet.DispatcherServlet [FrameworkServlet.java : 546] Completed initialization in 9 ms
2019-01-10 19:11:03,286 [DEBUG] [http-nio-8080-exec-5] com.zwk.weibo.dao.UserDao.selectByName [BaseJdbcLogger.java : 159] ==>  Preparing: SELECT * FROM USER WHERE NICK_NAME=? 
2019-01-10 19:11:03,288 [DEBUG] [http-nio-8080-exec-5] com.zwk.weibo.dao.UserDao.selectByName [BaseJdbcLogger.java : 159] ==> Parameters: kk(String)
2019-01-10 19:11:03,928 [DEBUG] [http-nio-8080-exec-5] com.zwk.weibo.dao.UserDao.selectByName [BaseJdbcLogger.java : 159] <==      Total: 1
2019-01-10 19:53:38,465 [INFO] [restartedMain] com.zwk.weibo.ApiApplication [StartupInfoLogger.java : 50] Starting ApiApplication on SC-201811052344 with PID 7828 (C:\Users\Administrator\Downloads\Weibo\target\classes started by Administrator in C:\Users\Administrator\Downloads\Weibo)
2019-01-10 19:53:38,470 [DEBUG] [restartedMain] com.zwk.weibo.ApiApplication [StartupInfoLogger.java : 53] Running with Spring Boot v2.1.1.RELEASE, Spring v5.1.3.RELEASE
2019-01-10 19:53:38,472 [INFO] [restartedMain] com.zwk.weibo.ApiApplication [SpringApplication.java : 679] The following profiles are active: dev
2019-01-10 19:53:38,621 [INFO] [restartedMain] o.s.boot.devtools.env.DevToolsPropertyDefaultsPostProcessor [DeferredLog.java : 227] Devtools property defaults active! Set 'spring.devtools.add-properties' to 'false' to disable
2019-01-10 19:53:38,622 [INFO] [restartedMain] o.s.boot.devtools.env.DevToolsPropertyDefaultsPostProcessor [DeferredLog.java : 227] For additional web related logging consider setting the 'logging.level.web' property to 'DEBUG'
2019-01-10 19:53:41,675 [INFO] [restartedMain] o.s.c.s.PostProcessorRegistrationDelegate$BeanPostProcessorChecker [PostProcessorRegistrationDelegate.java : 330] Bean 'org.springframework.transaction.annotation.ProxyTransactionManagementConfiguration' of type [org.springframework.transaction.annotation.ProxyTransactionManagementConfiguration$$EnhancerBySpringCGLIB$$9b28c000] is not eligible for getting processed by all BeanPostProcessors (for example: not eligible for auto-proxying)
2019-01-10 19:53:42,849 [INFO] [restartedMain] org.springframework.boot.web.embedded.tomcat.TomcatWebServer [TomcatWebServer.java : 90] Tomcat initialized with port(s): 8080 (http)
2019-01-10 19:53:42,884 [INFO] [restartedMain] org.apache.catalina.core.StandardService [DirectJDKLog.java : 173] Starting service [Tomcat]
2019-01-10 19:53:42,884 [INFO] [restartedMain] org.apache.catalina.core.StandardEngine [DirectJDKLog.java : 173] Starting Servlet Engine: Apache Tomcat/9.0.13
2019-01-10 19:53:42,903 [INFO] [restartedMain] org.apache.catalina.core.AprLifecycleListener [DirectJDKLog.java : 173] The APR based Apache Tomcat Native library which allows optimal performance in production environments was not found on the java.library.path: [A:\java\jdk8\bin;C:\Windows\Sun\Java\bin;C:\Windows\system32;C:\Windows;C:\ProgramData\Oracle\Java\javapath;C:\Windows\system32;C:\Windows;C:\Windows\System32\Wbem;C:\Windows\System32\WindowsPowerShell\v1.0\;C:\Windows\System32\OpenSSH\;A:\java\maven\bin;A:\java\jdk7\bin;A:\svn\bin;C:\Program Files\MySQL\MySQL Utilities 1.6\;C:\Program Files (x86)\NVIDIA Corporation\PhysX\Common;C:\Users\Administrator\AppData\Local\Microsoft\WindowsApps;A:\Bandizip\;.]
2019-01-10 19:53:43,656 [INFO] [restartedMain] org.apache.jasper.servlet.TldScanner [DirectJDKLog.java : 173] At least one JAR was scanned for TLDs yet contained no TLDs. Enable debug logging for this logger for a complete list of JARs that were scanned but no TLDs were found in them. Skipping unneeded JARs during scanning can improve startup time and JSP compilation time.
2019-01-10 19:53:43,666 [INFO] [restartedMain] o.a.c.core.ContainerBase.[Tomcat].[localhost].[/Weibo] [DirectJDKLog.java : 173] Initializing Spring embedded WebApplicationContext
2019-01-10 19:53:43,666 [INFO] [restartedMain] org.springframework.web.context.ContextLoader [ServletWebServerApplicationContext.java : 296] Root WebApplicationContext: initialization completed in 5044 ms
2019-01-10 19:53:43,978 [INFO] [restartedMain] c.a.d.spring.boot.autoconfigure.DruidDataSourceAutoConfigure [DruidDataSourceAutoConfigure.java : 56] Init DruidDataSource
2019-01-10 19:53:44,356 [INFO] [restartedMain] com.alibaba.druid.pool.DruidDataSource [DruidDataSource.java : 930] {dataSource-1} inited
2019-01-10 19:53:45,378 [INFO] [restartedMain] o.s.scheduling.concurrent.ThreadPoolTaskExecutor [ExecutorConfigurationSupport.java : 171] Initializing ExecutorService 'applicationTaskExecutor'
2019-01-10 19:53:45,445 [INFO] [restartedMain] o.s.boot.devtools.autoconfigure.OptionalLiveReloadServer [OptionalLiveReloadServer.java : 57] LiveReload server is running on port 35729
2019-01-10 19:53:45,549 [INFO] [restartedMain] o.s.boot.autoconfigure.web.servlet.WelcomePageHandlerMapping [WelcomePageHandlerMapping.java : 61] Adding welcome page template: index
2019-01-10 19:53:45,882 [INFO] [restartedMain] s.d.spring.web.plugins.DocumentationPluginsBootstrapper [DocumentationPluginsBootstrapper.java : 84] Context refreshed
2019-01-10 19:53:45,899 [INFO] [restartedMain] s.d.spring.web.plugins.DocumentationPluginsBootstrapper [DocumentationPluginsBootstrapper.java : 87] Found 1 custom documentation plugin(s)
2019-01-10 19:53:45,911 [INFO] [restartedMain] s.d.spring.web.scanners.ApiListingReferenceScanner [ApiListingReferenceScanner.java : 44] Scanning for api listing references
2019-01-10 19:53:46,076 [INFO] [restartedMain] org.springframework.boot.web.embedded.tomcat.TomcatWebServer [TomcatWebServer.java : 204] Tomcat started on port(s): 8080 (http) with context path '/Weibo'
2019-01-10 19:53:46,079 [INFO] [restartedMain] com.zwk.weibo.ApiApplication [StartupInfoLogger.java : 59] Started ApiApplication in 8.567 seconds (JVM running for 10.729)
2019-01-10 19:53:46,110 [DEBUG] [restartedMain] com.zwk.weibo.dao.UserDao.selectAllUser [BaseJdbcLogger.java : 159] ==>  Preparing: SELECT * FROM USER WHERE 1=1 
2019-01-10 19:53:46,128 [DEBUG] [restartedMain] com.zwk.weibo.dao.UserDao.selectAllUser [BaseJdbcLogger.java : 159] ==> Parameters: 
2019-01-10 19:53:46,151 [DEBUG] [restartedMain] com.zwk.weibo.dao.UserDao.selectAllUser [BaseJdbcLogger.java : 159] <==      Total: 5
2019-01-10 19:53:46,160 [DEBUG] [restartedMain] com.zwk.weibo.dao.FoodDao.getFoodList [BaseJdbcLogger.java : 159] ==>  Preparing: SELECT * FROM FOOD F LEFT JOIN STORE S ON F.STORE_ID=S.STORE_ID WHERE 1=1 
2019-01-10 19:53:46,161 [DEBUG] [restartedMain] com.zwk.weibo.dao.FoodDao.getFoodList [BaseJdbcLogger.java : 159] ==> Parameters: 
2019-01-10 19:53:46,177 [DEBUG] [restartedMain] com.zwk.weibo.dao.FoodDao.getFoodList [BaseJdbcLogger.java : 159] <==      Total: 7
2019-01-10 19:54:01,334 [INFO] [http-nio-8080-exec-2] o.a.c.core.ContainerBase.[Tomcat].[localhost].[/Weibo] [DirectJDKLog.java : 173] Initializing Spring DispatcherServlet 'dispatcherServlet'
2019-01-10 19:54:01,335 [INFO] [http-nio-8080-exec-2] org.springframework.web.servlet.DispatcherServlet [FrameworkServlet.java : 524] Initializing Servlet 'dispatcherServlet'
2019-01-10 19:54:01,345 [INFO] [http-nio-8080-exec-2] org.springframework.web.servlet.DispatcherServlet [FrameworkServlet.java : 546] Completed initialization in 10 ms
2019-01-10 19:54:01,397 [DEBUG] [http-nio-8080-exec-2] com.zwk.weibo.dao.GenreDao.getGenreList [BaseJdbcLogger.java : 159] ==>  Preparing: SELECT * FROM GENRE WHERE 1=1 
2019-01-10 19:54:01,399 [DEBUG] [http-nio-8080-exec-2] com.zwk.weibo.dao.GenreDao.getGenreList [BaseJdbcLogger.java : 159] ==> Parameters: 
2019-01-10 19:54:01,398 [DEBUG] [http-nio-8080-exec-1] com.zwk.weibo.dao.FoodDao.getFoodList [BaseJdbcLogger.java : 159] ==>  Preparing: SELECT * FROM FOOD F LEFT JOIN STORE S ON F.STORE_ID=S.STORE_ID WHERE 1=1 
2019-01-10 19:54:01,403 [DEBUG] [http-nio-8080-exec-1] com.zwk.weibo.dao.FoodDao.getFoodList [BaseJdbcLogger.java : 159] ==> Parameters: 
2019-01-10 19:54:01,411 [DEBUG] [http-nio-8080-exec-2] com.zwk.weibo.dao.GenreDao.getGenreList [BaseJdbcLogger.java : 159] <==      Total: 6
2019-01-10 19:54:01,428 [DEBUG] [http-nio-8080-exec-1] com.zwk.weibo.dao.FoodDao.getFoodList [BaseJdbcLogger.java : 159] <==      Total: 7
2019-01-10 19:54:06,314 [DEBUG] [http-nio-8080-exec-3] com.zwk.weibo.dao.FoodDao.selectFoodByGenre [BaseJdbcLogger.java : 159] ==>  Preparing: SELECT * FROM FOOD F LEFT JOIN GENRE g ON F.GENRE_ID=g.GENRE_ID where 1=1 and g.GENRE_ID= 2 
2019-01-10 19:54:06,315 [DEBUG] [http-nio-8080-exec-3] com.zwk.weibo.dao.FoodDao.selectFoodByGenre [BaseJdbcLogger.java : 159] ==> Parameters: 
2019-01-10 19:54:06,340 [DEBUG] [http-nio-8080-exec-3] com.zwk.weibo.dao.FoodDao.selectFoodByGenre [BaseJdbcLogger.java : 159] <==      Total: 1
2019-01-10 19:54:07,007 [DEBUG] [http-nio-8080-exec-4] com.zwk.weibo.dao.FoodDao.selectFoodByGenre [BaseJdbcLogger.java : 159] ==>  Preparing: SELECT * FROM FOOD F LEFT JOIN GENRE g ON F.GENRE_ID=g.GENRE_ID where 1=1 and g.GENRE_ID= 3 
2019-01-10 19:54:07,008 [DEBUG] [http-nio-8080-exec-4] com.zwk.weibo.dao.FoodDao.selectFoodByGenre [BaseJdbcLogger.java : 159] ==> Parameters: 
2019-01-10 19:54:07,017 [DEBUG] [http-nio-8080-exec-4] com.zwk.weibo.dao.FoodDao.selectFoodByGenre [BaseJdbcLogger.java : 159] <==      Total: 3
2019-01-10 19:54:07,487 [DEBUG] [http-nio-8080-exec-5] com.zwk.weibo.dao.FoodDao.selectFoodByGenre [BaseJdbcLogger.java : 159] ==>  Preparing: SELECT * FROM FOOD F LEFT JOIN GENRE g ON F.GENRE_ID=g.GENRE_ID where 1=1 and g.GENRE_ID= 5 
2019-01-10 19:54:07,488 [DEBUG] [http-nio-8080-exec-5] com.zwk.weibo.dao.FoodDao.selectFoodByGenre [BaseJdbcLogger.java : 159] ==> Parameters: 
2019-01-10 19:54:07,491 [DEBUG] [http-nio-8080-exec-5] com.zwk.weibo.dao.FoodDao.selectFoodByGenre [BaseJdbcLogger.java : 159] <==      Total: 1
2019-01-10 19:54:08,046 [DEBUG] [http-nio-8080-exec-6] com.zwk.weibo.dao.FoodDao.selectFoodByGenre [BaseJdbcLogger.java : 159] ==>  Preparing: SELECT * FROM FOOD F LEFT JOIN GENRE g ON F.GENRE_ID=g.GENRE_ID where 1=1 and g.GENRE_ID= 6 
2019-01-10 19:54:08,047 [DEBUG] [http-nio-8080-exec-6] com.zwk.weibo.dao.FoodDao.selectFoodByGenre [BaseJdbcLogger.java : 159] ==> Parameters: 
2019-01-10 19:54:08,048 [DEBUG] [http-nio-8080-exec-6] com.zwk.weibo.dao.FoodDao.selectFoodByGenre [BaseJdbcLogger.java : 159] <==      Total: 0
2019-01-10 19:54:08,522 [DEBUG] [http-nio-8080-exec-7] com.zwk.weibo.dao.FoodDao.selectFoodByGenre [BaseJdbcLogger.java : 159] ==>  Preparing: SELECT * FROM FOOD F LEFT JOIN GENRE g ON F.GENRE_ID=g.GENRE_ID where 1=1 and g.GENRE_ID= 7 
2019-01-10 19:54:08,523 [DEBUG] [http-nio-8080-exec-7] com.zwk.weibo.dao.FoodDao.selectFoodByGenre [BaseJdbcLogger.java : 159] ==> Parameters: 
2019-01-10 19:54:08,530 [DEBUG] [http-nio-8080-exec-7] com.zwk.weibo.dao.FoodDao.selectFoodByGenre [BaseJdbcLogger.java : 159] <==      Total: 1
2019-01-10 19:54:08,999 [DEBUG] [http-nio-8080-exec-8] com.zwk.weibo.dao.FoodDao.selectFoodByGenre [BaseJdbcLogger.java : 159] ==>  Preparing: SELECT * FROM FOOD F LEFT JOIN GENRE g ON F.GENRE_ID=g.GENRE_ID where 1=1 and g.GENRE_ID= 8 
2019-01-10 19:54:09,000 [DEBUG] [http-nio-8080-exec-8] com.zwk.weibo.dao.FoodDao.selectFoodByGenre [BaseJdbcLogger.java : 159] ==> Parameters: 
2019-01-10 19:54:09,008 [DEBUG] [http-nio-8080-exec-8] com.zwk.weibo.dao.FoodDao.selectFoodByGenre [BaseJdbcLogger.java : 159] <==      Total: 1
2019-01-10 19:54:11,249 [DEBUG] [http-nio-8080-exec-9] com.zwk.weibo.dao.FoodDao.selectFoodByGenre [BaseJdbcLogger.java : 159] ==>  Preparing: SELECT * FROM FOOD F LEFT JOIN GENRE g ON F.GENRE_ID=g.GENRE_ID where 1=1 and g.GENRE_ID= 7 
2019-01-10 19:54:11,250 [DEBUG] [http-nio-8080-exec-9] com.zwk.weibo.dao.FoodDao.selectFoodByGenre [BaseJdbcLogger.java : 159] ==> Parameters: 
2019-01-10 19:54:11,251 [DEBUG] [http-nio-8080-exec-9] com.zwk.weibo.dao.FoodDao.selectFoodByGenre [BaseJdbcLogger.java : 159] <==      Total: 1
2019-01-10 19:54:11,616 [DEBUG] [http-nio-8080-exec-10] com.zwk.weibo.dao.FoodDao.selectFoodByGenre [BaseJdbcLogger.java : 159] ==>  Preparing: SELECT * FROM FOOD F LEFT JOIN GENRE g ON F.GENRE_ID=g.GENRE_ID where 1=1 and g.GENRE_ID= 6 
2019-01-10 19:54:11,617 [DEBUG] [http-nio-8080-exec-10] com.zwk.weibo.dao.FoodDao.selectFoodByGenre [BaseJdbcLogger.java : 159] ==> Parameters: 
2019-01-10 19:54:11,618 [DEBUG] [http-nio-8080-exec-10] com.zwk.weibo.dao.FoodDao.selectFoodByGenre [BaseJdbcLogger.java : 159] <==      Total: 0
2019-01-10 19:54:14,223 [DEBUG] [http-nio-8080-exec-12] com.zwk.weibo.dao.FoodDao.selectFoodByGenre [BaseJdbcLogger.java : 159] ==>  Preparing: SELECT * FROM FOOD F LEFT JOIN GENRE g ON F.GENRE_ID=g.GENRE_ID where 1=1 and g.GENRE_ID= 3 
2019-01-10 19:54:14,223 [DEBUG] [http-nio-8080-exec-12] com.zwk.weibo.dao.FoodDao.selectFoodByGenre [BaseJdbcLogger.java : 159] ==> Parameters: 
2019-01-10 19:54:14,226 [DEBUG] [http-nio-8080-exec-12] com.zwk.weibo.dao.FoodDao.selectFoodByGenre [BaseJdbcLogger.java : 159] <==      Total: 3
2019-01-10 19:54:14,602 [DEBUG] [http-nio-8080-exec-11] com.zwk.weibo.dao.FoodDao.selectFoodByGenre [BaseJdbcLogger.java : 159] ==>  Preparing: SELECT * FROM FOOD F LEFT JOIN GENRE g ON F.GENRE_ID=g.GENRE_ID where 1=1 and g.GENRE_ID= 2 
2019-01-10 19:54:14,603 [DEBUG] [http-nio-8080-exec-11] com.zwk.weibo.dao.FoodDao.selectFoodByGenre [BaseJdbcLogger.java : 159] ==> Parameters: 
2019-01-10 19:54:14,605 [DEBUG] [http-nio-8080-exec-11] com.zwk.weibo.dao.FoodDao.selectFoodByGenre [BaseJdbcLogger.java : 159] <==      Total: 1
2019-01-10 19:54:14,750 [DEBUG] [http-nio-8080-exec-13] com.zwk.weibo.dao.FoodDao.selectFoodByGenre [BaseJdbcLogger.java : 159] ==>  Preparing: SELECT * FROM FOOD F LEFT JOIN GENRE g ON F.GENRE_ID=g.GENRE_ID where 1=1 and g.GENRE_ID= 2 
2019-01-10 19:54:14,751 [DEBUG] [http-nio-8080-exec-13] com.zwk.weibo.dao.FoodDao.selectFoodByGenre [BaseJdbcLogger.java : 159] ==> Parameters: 
2019-01-10 19:54:14,752 [DEBUG] [http-nio-8080-exec-13] com.zwk.weibo.dao.FoodDao.selectFoodByGenre [BaseJdbcLogger.java : 159] <==      Total: 1
2019-01-10 19:54:15,020 [DEBUG] [http-nio-8080-exec-14] com.zwk.weibo.dao.FoodDao.getFoodList [BaseJdbcLogger.java : 159] ==>  Preparing: SELECT * FROM FOOD F LEFT JOIN STORE S ON F.STORE_ID=S.STORE_ID WHERE 1=1 
2019-01-10 19:54:15,021 [DEBUG] [http-nio-8080-exec-14] com.zwk.weibo.dao.FoodDao.getFoodList [BaseJdbcLogger.java : 159] ==> Parameters: 
2019-01-10 19:54:15,025 [DEBUG] [http-nio-8080-exec-14] com.zwk.weibo.dao.FoodDao.getFoodList [BaseJdbcLogger.java : 159] <==      Total: 7
2019-01-10 19:54:15,279 [DEBUG] [http-nio-8080-exec-16] com.zwk.weibo.dao.FoodDao.getFoodList [BaseJdbcLogger.java : 159] ==>  Preparing: SELECT * FROM FOOD F LEFT JOIN STORE S ON F.STORE_ID=S.STORE_ID WHERE 1=1 
2019-01-10 19:54:15,280 [DEBUG] [http-nio-8080-exec-16] com.zwk.weibo.dao.FoodDao.getFoodList [BaseJdbcLogger.java : 159] ==> Parameters: 
2019-01-10 19:54:15,283 [DEBUG] [http-nio-8080-exec-16] com.zwk.weibo.dao.FoodDao.getFoodList [BaseJdbcLogger.java : 159] <==      Total: 7
2019-01-10 19:54:15,564 [DEBUG] [http-nio-8080-exec-15] com.zwk.weibo.dao.FoodDao.selectFoodByGenre [BaseJdbcLogger.java : 159] ==>  Preparing: SELECT * FROM FOOD F LEFT JOIN GENRE g ON F.GENRE_ID=g.GENRE_ID where 1=1 and g.GENRE_ID= 3 
2019-01-10 19:54:15,565 [DEBUG] [http-nio-8080-exec-15] com.zwk.weibo.dao.FoodDao.selectFoodByGenre [BaseJdbcLogger.java : 159] ==> Parameters: 
2019-01-10 19:54:15,566 [DEBUG] [http-nio-8080-exec-15] com.zwk.weibo.dao.FoodDao.selectFoodByGenre [BaseJdbcLogger.java : 159] <==      Total: 3
2019-01-10 19:54:15,704 [DEBUG] [http-nio-8080-exec-17] com.zwk.weibo.dao.FoodDao.selectFoodByGenre [BaseJdbcLogger.java : 159] ==>  Preparing: SELECT * FROM FOOD F LEFT JOIN GENRE g ON F.GENRE_ID=g.GENRE_ID where 1=1 and g.GENRE_ID= 3 
2019-01-10 19:54:15,704 [DEBUG] [http-nio-8080-exec-17] com.zwk.weibo.dao.FoodDao.selectFoodByGenre [BaseJdbcLogger.java : 159] ==> Parameters: 
2019-01-10 19:54:15,706 [DEBUG] [http-nio-8080-exec-17] com.zwk.weibo.dao.FoodDao.selectFoodByGenre [BaseJdbcLogger.java : 159] <==      Total: 3
2019-01-10 19:54:16,292 [DEBUG] [http-nio-8080-exec-18] com.zwk.weibo.dao.FoodDao.selectFoodByGenre [BaseJdbcLogger.java : 159] ==>  Preparing: SELECT * FROM FOOD F LEFT JOIN GENRE g ON F.GENRE_ID=g.GENRE_ID where 1=1 and g.GENRE_ID= 6 
2019-01-10 19:54:16,293 [DEBUG] [http-nio-8080-exec-18] com.zwk.weibo.dao.FoodDao.selectFoodByGenre [BaseJdbcLogger.java : 159] ==> Parameters: 
2019-01-10 19:54:16,295 [DEBUG] [http-nio-8080-exec-18] com.zwk.weibo.dao.FoodDao.selectFoodByGenre [BaseJdbcLogger.java : 159] <==      Total: 0
2019-01-10 19:54:16,445 [DEBUG] [http-nio-8080-exec-19] com.zwk.weibo.dao.FoodDao.selectFoodByGenre [BaseJdbcLogger.java : 159] ==>  Preparing: SELECT * FROM FOOD F LEFT JOIN GENRE g ON F.GENRE_ID=g.GENRE_ID where 1=1 and g.GENRE_ID= 6 
2019-01-10 19:54:16,446 [DEBUG] [http-nio-8080-exec-19] com.zwk.weibo.dao.FoodDao.selectFoodByGenre [BaseJdbcLogger.java : 159] ==> Parameters: 
2019-01-10 19:54:16,447 [DEBUG] [http-nio-8080-exec-19] com.zwk.weibo.dao.FoodDao.selectFoodByGenre [BaseJdbcLogger.java : 159] <==      Total: 0
2019-01-10 19:55:50,387 [DEBUG] [http-nio-8080-exec-23] com.zwk.weibo.dao.FoodDao.getFoodList [BaseJdbcLogger.java : 159] ==>  Preparing: SELECT * FROM FOOD F LEFT JOIN STORE S ON F.STORE_ID=S.STORE_ID WHERE 1=1 
2019-01-10 19:55:50,387 [DEBUG] [http-nio-8080-exec-21] com.zwk.weibo.dao.GenreDao.getGenreList [BaseJdbcLogger.java : 159] ==>  Preparing: SELECT * FROM GENRE WHERE 1=1 
2019-01-10 19:55:50,387 [DEBUG] [http-nio-8080-exec-23] com.zwk.weibo.dao.FoodDao.getFoodList [BaseJdbcLogger.java : 159] ==> Parameters: 
2019-01-10 19:55:50,387 [DEBUG] [http-nio-8080-exec-21] com.zwk.weibo.dao.GenreDao.getGenreList [BaseJdbcLogger.java : 159] ==> Parameters: 
2019-01-10 19:55:50,389 [DEBUG] [http-nio-8080-exec-21] com.zwk.weibo.dao.GenreDao.getGenreList [BaseJdbcLogger.java : 159] <==      Total: 6
2019-01-10 19:55:50,391 [DEBUG] [http-nio-8080-exec-23] com.zwk.weibo.dao.FoodDao.getFoodList [BaseJdbcLogger.java : 159] <==      Total: 7
2019-01-10 19:55:59,510 [DEBUG] [http-nio-8080-exec-2] com.zwk.weibo.dao.FoodDao.selectFoodByGenre [BaseJdbcLogger.java : 159] ==>  Preparing: SELECT * FROM FOOD F LEFT JOIN GENRE g ON F.GENRE_ID=g.GENRE_ID where 1=1 and g.GENRE_ID= 2 
2019-01-10 19:55:59,510 [DEBUG] [http-nio-8080-exec-2] com.zwk.weibo.dao.FoodDao.selectFoodByGenre [BaseJdbcLogger.java : 159] ==> Parameters: 
2019-01-10 19:55:59,512 [DEBUG] [http-nio-8080-exec-2] com.zwk.weibo.dao.FoodDao.selectFoodByGenre [BaseJdbcLogger.java : 159] <==      Total: 1
2019-01-10 19:56:00,058 [DEBUG] [http-nio-8080-exec-1] com.zwk.weibo.dao.FoodDao.selectFoodByGenre [BaseJdbcLogger.java : 159] ==>  Preparing: SELECT * FROM FOOD F LEFT JOIN GENRE g ON F.GENRE_ID=g.GENRE_ID where 1=1 and g.GENRE_ID= 3 
2019-01-10 19:56:00,059 [DEBUG] [http-nio-8080-exec-1] com.zwk.weibo.dao.FoodDao.selectFoodByGenre [BaseJdbcLogger.java : 159] ==> Parameters: 
2019-01-10 19:56:00,061 [DEBUG] [http-nio-8080-exec-1] com.zwk.weibo.dao.FoodDao.selectFoodByGenre [BaseJdbcLogger.java : 159] <==      Total: 3
2019-01-10 19:56:00,545 [DEBUG] [http-nio-8080-exec-3] com.zwk.weibo.dao.FoodDao.selectFoodByGenre [BaseJdbcLogger.java : 159] ==>  Preparing: SELECT * FROM FOOD F LEFT JOIN GENRE g ON F.GENRE_ID=g.GENRE_ID where 1=1 and g.GENRE_ID= 5 
2019-01-10 19:56:00,546 [DEBUG] [http-nio-8080-exec-3] com.zwk.weibo.dao.FoodDao.selectFoodByGenre [BaseJdbcLogger.java : 159] ==> Parameters: 
2019-01-10 19:56:00,547 [DEBUG] [http-nio-8080-exec-3] com.zwk.weibo.dao.FoodDao.selectFoodByGenre [BaseJdbcLogger.java : 159] <==      Total: 1
2019-01-10 19:56:01,257 [DEBUG] [http-nio-8080-exec-4] com.zwk.weibo.dao.FoodDao.selectFoodByGenre [BaseJdbcLogger.java : 159] ==>  Preparing: SELECT * FROM FOOD F LEFT JOIN GENRE g ON F.GENRE_ID=g.GENRE_ID where 1=1 and g.GENRE_ID= 6 
2019-01-10 19:56:01,257 [DEBUG] [http-nio-8080-exec-4] com.zwk.weibo.dao.FoodDao.selectFoodByGenre [BaseJdbcLogger.java : 159] ==> Parameters: 
2019-01-10 19:56:01,258 [DEBUG] [http-nio-8080-exec-4] com.zwk.weibo.dao.FoodDao.selectFoodByGenre [BaseJdbcLogger.java : 159] <==      Total: 0
2019-01-10 19:56:01,712 [DEBUG] [http-nio-8080-exec-5] com.zwk.weibo.dao.FoodDao.selectFoodByGenre [BaseJdbcLogger.java : 159] ==>  Preparing: SELECT * FROM FOOD F LEFT JOIN GENRE g ON F.GENRE_ID=g.GENRE_ID where 1=1 and g.GENRE_ID= 7 
2019-01-10 19:56:01,713 [DEBUG] [http-nio-8080-exec-5] com.zwk.weibo.dao.FoodDao.selectFoodByGenre [BaseJdbcLogger.java : 159] ==> Parameters: 
2019-01-10 19:56:01,714 [DEBUG] [http-nio-8080-exec-5] com.zwk.weibo.dao.FoodDao.selectFoodByGenre [BaseJdbcLogger.java : 159] <==      Total: 1
2019-01-10 19:56:02,811 [DEBUG] [http-nio-8080-exec-6] com.zwk.weibo.dao.FoodDao.selectFoodByGenre [BaseJdbcLogger.java : 159] ==>  Preparing: SELECT * FROM FOOD F LEFT JOIN GENRE g ON F.GENRE_ID=g.GENRE_ID where 1=1 and g.GENRE_ID= 6 
2019-01-10 19:56:02,811 [DEBUG] [http-nio-8080-exec-6] com.zwk.weibo.dao.FoodDao.selectFoodByGenre [BaseJdbcLogger.java : 159] ==> Parameters: 
2019-01-10 19:56:02,812 [DEBUG] [http-nio-8080-exec-6] com.zwk.weibo.dao.FoodDao.selectFoodByGenre [BaseJdbcLogger.java : 159] <==      Total: 0
2019-01-10 19:56:04,417 [DEBUG] [http-nio-8080-exec-7] com.zwk.weibo.dao.FoodDao.selectFoodByGenre [BaseJdbcLogger.java : 159] ==>  Preparing: SELECT * FROM FOOD F LEFT JOIN GENRE g ON F.GENRE_ID=g.GENRE_ID where 1=1 and g.GENRE_ID= 5 
2019-01-10 19:56:04,417 [DEBUG] [http-nio-8080-exec-7] com.zwk.weibo.dao.FoodDao.selectFoodByGenre [BaseJdbcLogger.java : 159] ==> Parameters: 
2019-01-10 19:56:04,419 [DEBUG] [http-nio-8080-exec-7] com.zwk.weibo.dao.FoodDao.selectFoodByGenre [BaseJdbcLogger.java : 159] <==      Total: 1
2019-01-10 19:56:08,066 [DEBUG] [http-nio-8080-exec-8] com.zwk.weibo.dao.FoodDao.selectFoodByGenre [BaseJdbcLogger.java : 159] ==>  Preparing: SELECT * FROM FOOD F LEFT JOIN GENRE g ON F.GENRE_ID=g.GENRE_ID where 1=1 and g.GENRE_ID= 2 
2019-01-10 19:56:08,067 [DEBUG] [http-nio-8080-exec-8] com.zwk.weibo.dao.FoodDao.selectFoodByGenre [BaseJdbcLogger.java : 159] ==> Parameters: 
2019-01-10 19:56:08,068 [DEBUG] [http-nio-8080-exec-8] com.zwk.weibo.dao.FoodDao.selectFoodByGenre [BaseJdbcLogger.java : 159] <==      Total: 1
2019-01-10 19:56:11,466 [DEBUG] [http-nio-8080-exec-9] com.zwk.weibo.dao.ReceiveAddressDao.getAddressList [BaseJdbcLogger.java : 159] ==>  Preparing: SELECT * FROM RECEIVE_ADDRESS WHERE USER_ID=? 
2019-01-10 19:56:11,468 [DEBUG] [http-nio-8080-exec-9] com.zwk.weibo.dao.ReceiveAddressDao.getAddressList [BaseJdbcLogger.java : 159] ==> Parameters: 1(Long)
2019-01-10 19:56:11,474 [DEBUG] [http-nio-8080-exec-9] com.zwk.weibo.dao.ReceiveAddressDao.getAddressList [BaseJdbcLogger.java : 159] <==      Total: 3
2019-01-10 19:56:22,818 [DEBUG] [http-nio-8080-exec-10] com.zwk.weibo.dao.OrderDao.getMaxId [BaseJdbcLogger.java : 159] ==>  Preparing: SELECT MAX(ORDER_ID)+1 FROM ORDERINFO WHERE 1=1 
2019-01-10 19:56:22,819 [DEBUG] [http-nio-8080-exec-10] com.zwk.weibo.dao.OrderDao.getMaxId [BaseJdbcLogger.java : 159] ==> Parameters: 
2019-01-10 19:56:22,831 [DEBUG] [http-nio-8080-exec-10] com.zwk.weibo.dao.OrderDao.getMaxId [BaseJdbcLogger.java : 159] <==      Total: 1
2019-01-10 19:56:22,839 [DEBUG] [http-nio-8080-exec-10] com.zwk.weibo.dao.OrderDao.insert [BaseJdbcLogger.java : 159] ==>  Preparing: INSERT INTO orderinfo ( order_id, order_number, user_id, total_price, `status`, store_id, address_id, covers_number ) VALUES ( ?, ?, ?, ?, ?, ?, ?, ? ) 
2019-01-10 19:56:22,841 [DEBUG] [http-nio-8080-exec-10] com.zwk.weibo.dao.OrderDao.insert [BaseJdbcLogger.java : 159] ==> Parameters: 38(Long), 2019011056220001(Long), 1(Long), 52.5(Float), 1101(String), 1(Long), 1(Long), 1(Long)
2019-01-10 19:56:22,854 [DEBUG] [http-nio-8080-exec-10] com.zwk.weibo.dao.OrderDao.insert [BaseJdbcLogger.java : 159] <==    Updates: 1
2019-01-10 19:56:22,855 [DEBUG] [http-nio-8080-exec-10] com.zwk.weibo.dao.OrderDetailDao.getMaxId [BaseJdbcLogger.java : 159] ==>  Preparing: SELECT MAX(ORDER_DETAIL_ID)+1 FROM ORDER_DETAIL WHERE 1=1 
2019-01-10 19:56:22,856 [DEBUG] [http-nio-8080-exec-10] com.zwk.weibo.dao.OrderDetailDao.getMaxId [BaseJdbcLogger.java : 159] ==> Parameters: 
2019-01-10 19:56:22,860 [DEBUG] [http-nio-8080-exec-10] com.zwk.weibo.dao.OrderDetailDao.getMaxId [BaseJdbcLogger.java : 159] <==      Total: 1
2019-01-10 19:56:22,862 [DEBUG] [http-nio-8080-exec-10] com.zwk.weibo.dao.OrderDetailDao.insert [BaseJdbcLogger.java : 159] ==>  Preparing: INSERT INTO order_detail ( order_detail_id, food_id, food_name, price, food_num, food_price, food_pic, order_id ) VALUES ( ?, ?, ?, ?, ?, ?, ?, ? ) 
2019-01-10 19:56:22,862 [DEBUG] [http-nio-8080-exec-10] com.zwk.weibo.dao.OrderDetailDao.insert [BaseJdbcLogger.java : 159] ==> Parameters: 76(Long), 4(Long), 小米粥(String), 0.0(Float), 2(Long), 6.9(Float), xiaomi.jpg(String), 38(Long)
2019-01-10 19:56:22,866 [DEBUG] [http-nio-8080-exec-10] com.zwk.weibo.dao.OrderDetailDao.insert [BaseJdbcLogger.java : 159] <==    Updates: 1
2019-01-10 19:56:22,867 [DEBUG] [http-nio-8080-exec-10] com.zwk.weibo.dao.OrderDetailDao.getMaxId [BaseJdbcLogger.java : 159] ==>  Preparing: SELECT MAX(ORDER_DETAIL_ID)+1 FROM ORDER_DETAIL WHERE 1=1 
2019-01-10 19:56:22,867 [DEBUG] [http-nio-8080-exec-10] com.zwk.weibo.dao.OrderDetailDao.getMaxId [BaseJdbcLogger.java : 159] ==> Parameters: 
2019-01-10 19:56:22,869 [DEBUG] [http-nio-8080-exec-10] com.zwk.weibo.dao.OrderDetailDao.getMaxId [BaseJdbcLogger.java : 159] <==      Total: 1
2019-01-10 19:56:22,870 [DEBUG] [http-nio-8080-exec-10] com.zwk.weibo.dao.OrderDetailDao.insert [BaseJdbcLogger.java : 159] ==>  Preparing: INSERT INTO order_detail ( order_detail_id, food_id, food_name, price, food_num, food_price, food_pic, order_id ) VALUES ( ?, ?, ?, ?, ?, ?, ?, ? ) 
2019-01-10 19:56:22,870 [DEBUG] [http-nio-8080-exec-10] com.zwk.weibo.dao.OrderDetailDao.insert [BaseJdbcLogger.java : 159] ==> Parameters: 77(Long), 3(Long), 酸辣土豆丝(String), 0.0(Float), 3(Long), 12.9(Float), photao.jpg(String), 38(Long)
2019-01-10 19:56:22,873 [DEBUG] [http-nio-8080-exec-10] com.zwk.weibo.dao.OrderDetailDao.insert [BaseJdbcLogger.java : 159] <==    Updates: 1
2019-01-10 19:56:25,447 [DEBUG] [http-nio-8080-exec-12] com.zwk.weibo.dao.OrderDao.getOrderByOrderNumber [BaseJdbcLogger.java : 159] ==>  Preparing: SELECT * FROM ORDERINFO WHERE ORDER_NUMBER=? 
2019-01-10 19:56:25,450 [DEBUG] [http-nio-8080-exec-12] com.zwk.weibo.dao.OrderDao.getOrderByOrderNumber [BaseJdbcLogger.java : 159] ==> Parameters: 2019011056220001(Long)
2019-01-10 19:56:25,452 [DEBUG] [http-nio-8080-exec-12] com.zwk.weibo.dao.OrderDao.getOrderByOrderNumber [BaseJdbcLogger.java : 159] <==      Total: 1
2019-01-10 19:56:25,469 [DEBUG] [http-nio-8080-exec-12] com.zwk.weibo.dao.OrderDao.updateById [BaseJdbcLogger.java : 159] ==>  Preparing: UPDATE orderinfo SET order_number=?, user_id=?, total_price=?, `status`=?, store_id=?, is_packed=?, address_id=?, covers_number=? WHERE order_id=? 
2019-01-10 19:56:25,477 [DEBUG] [http-nio-8080-exec-12] com.zwk.weibo.dao.OrderDao.updateById [BaseJdbcLogger.java : 159] ==> Parameters: 2019011056220001(Long), 1(Long), 52.5(Float), 1100(String), 1(Long), 1(String), 1(Long), 1(Long), 38(Long)
2019-01-10 19:56:25,487 [DEBUG] [http-nio-8080-exec-12] com.zwk.weibo.dao.OrderDao.updateById [BaseJdbcLogger.java : 159] <==    Updates: 1
2019-01-10 19:56:25,736 [DEBUG] [http-nio-8080-exec-11] com.zwk.weibo.dao.OrderDao.getOrderStatus [BaseJdbcLogger.java : 159] ==>  Preparing: SELECT STATUS FROM ORDERINFO WHERE ORDER_NUMBER=? 
2019-01-10 19:56:25,738 [DEBUG] [http-nio-8080-exec-11] com.zwk.weibo.dao.OrderDao.getOrderStatus [BaseJdbcLogger.java : 159] ==> Parameters: null
2019-01-10 19:56:25,740 [DEBUG] [http-nio-8080-exec-11] com.zwk.weibo.dao.OrderDao.getOrderStatus [BaseJdbcLogger.java : 159] <==      Total: 0
2019-01-10 19:56:29,985 [DEBUG] [http-nio-8080-exec-13] com.zwk.weibo.dao.OrderDao.orderLists [BaseJdbcLogger.java : 159] ==>  Preparing: SELECT * FROM ORDERINFO WHERE USER_ID=? AND STATUS LIKE CONCAT('%',?,'%') 
2019-01-10 19:56:29,986 [DEBUG] [http-nio-8080-exec-13] com.zwk.weibo.dao.OrderDao.orderLists [BaseJdbcLogger.java : 159] ==> Parameters: 1(String), (String)
2019-01-10 19:56:29,998 [DEBUG] [http-nio-8080-exec-13] com.zwk.weibo.dao.OrderDao.orderLists [BaseJdbcLogger.java : 159] <==      Total: 16
2019-01-10 19:56:30,000 [DEBUG] [http-nio-8080-exec-13] com.zwk.weibo.dao.OrderDetailDao.orderDetailList [BaseJdbcLogger.java : 159] ==>  Preparing: SELECT * FROM ORDER_DETAIL WHERE order_id=? 
2019-01-10 19:56:30,001 [DEBUG] [http-nio-8080-exec-13] com.zwk.weibo.dao.OrderDetailDao.orderDetailList [BaseJdbcLogger.java : 159] ==> Parameters: 23(Long)
2019-01-10 19:56:30,002 [DEBUG] [http-nio-8080-exec-13] com.zwk.weibo.dao.OrderDetailDao.orderDetailList [BaseJdbcLogger.java : 159] <==      Total: 2
2019-01-10 19:56:30,003 [DEBUG] [http-nio-8080-exec-13] com.zwk.weibo.dao.OrderDetailDao.orderDetailList [BaseJdbcLogger.java : 159] ==>  Preparing: SELECT * FROM ORDER_DETAIL WHERE order_id=? 
2019-01-10 19:56:30,004 [DEBUG] [http-nio-8080-exec-13] com.zwk.weibo.dao.OrderDetailDao.orderDetailList [BaseJdbcLogger.java : 159] ==> Parameters: 24(Long)
2019-01-10 19:56:30,006 [DEBUG] [http-nio-8080-exec-13] com.zwk.weibo.dao.OrderDetailDao.orderDetailList [BaseJdbcLogger.java : 159] <==      Total: 2
2019-01-10 19:56:30,007 [DEBUG] [http-nio-8080-exec-13] com.zwk.weibo.dao.OrderDetailDao.orderDetailList [BaseJdbcLogger.java : 159] ==>  Preparing: SELECT * FROM ORDER_DETAIL WHERE order_id=? 
2019-01-10 19:56:30,008 [DEBUG] [http-nio-8080-exec-13] com.zwk.weibo.dao.OrderDetailDao.orderDetailList [BaseJdbcLogger.java : 159] ==> Parameters: 25(Long)
2019-01-10 19:56:30,010 [DEBUG] [http-nio-8080-exec-13] com.zwk.weibo.dao.OrderDetailDao.orderDetailList [BaseJdbcLogger.java : 159] <==      Total: 2
2019-01-10 19:56:30,011 [DEBUG] [http-nio-8080-exec-13] com.zwk.weibo.dao.OrderDetailDao.orderDetailList [BaseJdbcLogger.java : 159] ==>  Preparing: SELECT * FROM ORDER_DETAIL WHERE order_id=? 
2019-01-10 19:56:30,012 [DEBUG] [http-nio-8080-exec-13] com.zwk.weibo.dao.OrderDetailDao.orderDetailList [BaseJdbcLogger.java : 159] ==> Parameters: 26(Long)
2019-01-10 19:56:30,014 [DEBUG] [http-nio-8080-exec-13] com.zwk.weibo.dao.OrderDetailDao.orderDetailList [BaseJdbcLogger.java : 159] <==      Total: 2
2019-01-10 19:56:30,015 [DEBUG] [http-nio-8080-exec-13] com.zwk.weibo.dao.OrderDetailDao.orderDetailList [BaseJdbcLogger.java : 159] ==>  Preparing: SELECT * FROM ORDER_DETAIL WHERE order_id=? 
2019-01-10 19:56:30,016 [DEBUG] [http-nio-8080-exec-13] com.zwk.weibo.dao.OrderDetailDao.orderDetailList [BaseJdbcLogger.java : 159] ==> Parameters: 27(Long)
2019-01-10 19:56:30,018 [DEBUG] [http-nio-8080-exec-13] com.zwk.weibo.dao.OrderDetailDao.orderDetailList [BaseJdbcLogger.java : 159] <==      Total: 3
2019-01-10 19:56:30,019 [DEBUG] [http-nio-8080-exec-13] com.zwk.weibo.dao.OrderDetailDao.orderDetailList [BaseJdbcLogger.java : 159] ==>  Preparing: SELECT * FROM ORDER_DETAIL WHERE order_id=? 
2019-01-10 19:56:30,020 [DEBUG] [http-nio-8080-exec-13] com.zwk.weibo.dao.OrderDetailDao.orderDetailList [BaseJdbcLogger.java : 159] ==> Parameters: 28(Long)
2019-01-10 19:56:30,023 [DEBUG] [http-nio-8080-exec-13] com.zwk.weibo.dao.OrderDetailDao.orderDetailList [BaseJdbcLogger.java : 159] <==      Total: 2
2019-01-10 19:56:30,024 [DEBUG] [http-nio-8080-exec-13] com.zwk.weibo.dao.OrderDetailDao.orderDetailList [BaseJdbcLogger.java : 159] ==>  Preparing: SELECT * FROM ORDER_DETAIL WHERE order_id=? 
2019-01-10 19:56:30,024 [DEBUG] [http-nio-8080-exec-13] com.zwk.weibo.dao.OrderDetailDao.orderDetailList [BaseJdbcLogger.java : 159] ==> Parameters: 29(Long)
2019-01-10 19:56:30,027 [DEBUG] [http-nio-8080-exec-13] com.zwk.weibo.dao.OrderDetailDao.orderDetailList [BaseJdbcLogger.java : 159] <==      Total: 3
2019-01-10 19:56:30,029 [DEBUG] [http-nio-8080-exec-13] com.zwk.weibo.dao.OrderDetailDao.orderDetailList [BaseJdbcLogger.java : 159] ==>  Preparing: SELECT * FROM ORDER_DETAIL WHERE order_id=? 
2019-01-10 19:56:30,030 [DEBUG] [http-nio-8080-exec-13] com.zwk.weibo.dao.OrderDetailDao.orderDetailList [BaseJdbcLogger.java : 159] ==> Parameters: 30(Long)
2019-01-10 19:56:30,032 [DEBUG] [http-nio-8080-exec-13] com.zwk.weibo.dao.OrderDetailDao.orderDetailList [BaseJdbcLogger.java : 159] <==      Total: 2
2019-01-10 19:56:30,033 [DEBUG] [http-nio-8080-exec-13] com.zwk.weibo.dao.OrderDetailDao.orderDetailList [BaseJdbcLogger.java : 159] ==>  Preparing: SELECT * FROM ORDER_DETAIL WHERE order_id=? 
2019-01-10 19:56:30,034 [DEBUG] [http-nio-8080-exec-13] com.zwk.weibo.dao.OrderDetailDao.orderDetailList [BaseJdbcLogger.java : 159] ==> Parameters: 31(Long)
2019-01-10 19:56:30,036 [DEBUG] [http-nio-8080-exec-13] com.zwk.weibo.dao.OrderDetailDao.orderDetailList [BaseJdbcLogger.java : 159] <==      Total: 3
2019-01-10 19:56:30,037 [DEBUG] [http-nio-8080-exec-13] com.zwk.weibo.dao.OrderDetailDao.orderDetailList [BaseJdbcLogger.java : 159] ==>  Preparing: SELECT * FROM ORDER_DETAIL WHERE order_id=? 
2019-01-10 19:56:30,037 [DEBUG] [http-nio-8080-exec-13] com.zwk.weibo.dao.OrderDetailDao.orderDetailList [BaseJdbcLogger.java : 159] ==> Parameters: 32(Long)
2019-01-10 19:56:30,039 [DEBUG] [http-nio-8080-exec-13] com.zwk.weibo.dao.OrderDetailDao.orderDetailList [BaseJdbcLogger.java : 159] <==      Total: 2
2019-01-10 19:56:30,043 [DEBUG] [http-nio-8080-exec-13] com.zwk.weibo.dao.OrderDetailDao.orderDetailList [BaseJdbcLogger.java : 159] ==>  Preparing: SELECT * FROM ORDER_DETAIL WHERE order_id=? 
2019-01-10 19:56:30,044 [DEBUG] [http-nio-8080-exec-13] com.zwk.weibo.dao.OrderDetailDao.orderDetailList [BaseJdbcLogger.java : 159] ==> Parameters: 33(Long)
2019-01-10 19:56:30,046 [DEBUG] [http-nio-8080-exec-13] com.zwk.weibo.dao.OrderDetailDao.orderDetailList [BaseJdbcLogger.java : 159] <==      Total: 3
2019-01-10 19:56:30,047 [DEBUG] [http-nio-8080-exec-13] com.zwk.weibo.dao.OrderDetailDao.orderDetailList [BaseJdbcLogger.java : 159] ==>  Preparing: SELECT * FROM ORDER_DETAIL WHERE order_id=? 
2019-01-10 19:56:30,049 [DEBUG] [http-nio-8080-exec-13] com.zwk.weibo.dao.OrderDetailDao.orderDetailList [BaseJdbcLogger.java : 159] ==> Parameters: 34(Long)
2019-01-10 19:56:30,052 [DEBUG] [http-nio-8080-exec-13] com.zwk.weibo.dao.OrderDetailDao.orderDetailList [BaseJdbcLogger.java : 159] <==      Total: 3
2019-01-10 19:56:30,053 [DEBUG] [http-nio-8080-exec-13] com.zwk.weibo.dao.OrderDetailDao.orderDetailList [BaseJdbcLogger.java : 159] ==>  Preparing: SELECT * FROM ORDER_DETAIL WHERE order_id=? 
2019-01-10 19:56:30,053 [DEBUG] [http-nio-8080-exec-13] com.zwk.weibo.dao.OrderDetailDao.orderDetailList [BaseJdbcLogger.java : 159] ==> Parameters: 35(Long)
2019-01-10 19:56:30,055 [DEBUG] [http-nio-8080-exec-13] com.zwk.weibo.dao.OrderDetailDao.orderDetailList [BaseJdbcLogger.java : 159] <==      Total: 1
2019-01-10 19:56:30,056 [DEBUG] [http-nio-8080-exec-13] com.zwk.weibo.dao.OrderDetailDao.orderDetailList [BaseJdbcLogger.java : 159] ==>  Preparing: SELECT * FROM ORDER_DETAIL WHERE order_id=? 
2019-01-10 19:56:30,057 [DEBUG] [http-nio-8080-exec-13] com.zwk.weibo.dao.OrderDetailDao.orderDetailList [BaseJdbcLogger.java : 159] ==> Parameters: 36(Long)
2019-01-10 19:56:30,059 [DEBUG] [http-nio-8080-exec-13] com.zwk.weibo.dao.OrderDetailDao.orderDetailList [BaseJdbcLogger.java : 159] <==      Total: 2
2019-01-10 19:56:30,060 [DEBUG] [http-nio-8080-exec-13] com.zwk.weibo.dao.OrderDetailDao.orderDetailList [BaseJdbcLogger.java : 159] ==>  Preparing: SELECT * FROM ORDER_DETAIL WHERE order_id=? 
2019-01-10 19:56:30,061 [DEBUG] [http-nio-8080-exec-13] com.zwk.weibo.dao.OrderDetailDao.orderDetailList [BaseJdbcLogger.java : 159] ==> Parameters: 37(Long)
2019-01-10 19:56:30,063 [DEBUG] [http-nio-8080-exec-13] com.zwk.weibo.dao.OrderDetailDao.orderDetailList [BaseJdbcLogger.java : 159] <==      Total: 2
2019-01-10 19:56:30,064 [DEBUG] [http-nio-8080-exec-13] com.zwk.weibo.dao.OrderDetailDao.orderDetailList [BaseJdbcLogger.java : 159] ==>  Preparing: SELECT * FROM ORDER_DETAIL WHERE order_id=? 
2019-01-10 19:56:30,065 [DEBUG] [http-nio-8080-exec-13] com.zwk.weibo.dao.OrderDetailDao.orderDetailList [BaseJdbcLogger.java : 159] ==> Parameters: 38(Long)
2019-01-10 19:56:30,067 [DEBUG] [http-nio-8080-exec-13] com.zwk.weibo.dao.OrderDetailDao.orderDetailList [BaseJdbcLogger.java : 159] <==      Total: 2
